  pch.cpp
  Airport.cpp
C:\Program Files (x86)\Windows Kits\10\Include\10.0.22621.0\um\servprov.h(99,64): error C3699: '*': cannot use this indirection on type 'IServiceProvider'
C:\Program Files (x86)\Windows Kits\10\Include\10.0.22621.0\um\servprov.h(99,64): message : compiler replacing '*' with '^' to continue parsing
C:\Program Files (x86)\Windows Kits\10\Include\10.0.22621.0\um\servprov.h(106,9): error C2371: 'IServiceProvider': redefinition; different basic types
C:\Program Files (x86)\Windows Kits\10\Include\10.0.22621.0\um\servprov.h(52,36): message : see declaration of 'IServiceProvider'
C:\Program Files (x86)\Windows Kits\10\Include\10.0.22621.0\um\servprov.h(123,43): error C3699: '*': cannot use this indirection on type 'IServiceProvider'
C:\Program Files (x86)\Windows Kits\10\Include\10.0.22621.0\um\servprov.h(123,43): message : compiler replacing '*' with '^' to continue parsing
C:\Program Files (x86)\Windows Kits\10\Include\10.0.22621.0\um\servprov.h(251,24): error C3699: '*': cannot use this indirection on type 'IServiceProvider'
C:\Program Files (x86)\Windows Kits\10\Include\10.0.22621.0\um\servprov.h(251,24): message : compiler replacing '*' with '^' to continue parsing
C:\Program Files (x86)\Windows Kits\10\Include\10.0.22621.0\um\servprov.h(261,34): error C3699: '*': cannot use this indirection on type 'IServiceProvider'
C:\Program Files (x86)\Windows Kits\10\Include\10.0.22621.0\um\servprov.h(261,34): message : compiler replacing '*' with '^' to continue parsing
C:\Program Files (x86)\Windows Kits\10\Include\10.0.22621.0\um\urlmon.h(7156,67): error C3699: '*': cannot use this indirection on type 'IServiceProvider'
C:\Program Files (x86)\Windows Kits\10\Include\10.0.22621.0\um\urlmon.h(7156,67): message : compiler replacing '*' with '^' to continue parsing
C:\Program Files (x86)\Windows Kits\10\Include\10.0.22621.0\um\urlmon.h(7158,63): error C3699: '*': cannot use this indirection on type 'IServiceProvider'
C:\Program Files (x86)\Windows Kits\10\Include\10.0.22621.0\um\urlmon.h(7158,63): message : compiler replacing '*' with '^' to continue parsing
C:\AirportViacheslav\AirportWindowApp\AirportWindowApp\Plane.h(101,10): error C2535: 'System::String ^Plane::GetArrivalString(void)': member function already defined or declared
C:\AirportViacheslav\AirportWindowApp\AirportWindowApp\Plane.h(78,10): message : see declaration of 'Plane::GetArrivalString'
C:\AirportViacheslav\AirportWindowApp\AirportWindowApp\Plane.h(105,10): error C2535: 'System::String ^Plane::GetDepartureString(void)': member function already defined or declared
C:\AirportViacheslav\AirportWindowApp\AirportWindowApp\Plane.h(83,10): message : see declaration of 'Plane::GetDepartureString'
  AssemblyInfo.cpp
  CppCLR_WinFormsProject.cpp
  Employee.cpp
  Flight.cpp
  Form1.cpp
  MyForm.cpp
  Passenger.cpp
  Plane.cpp
C:\AirportViacheslav\AirportWindowApp\AirportWindowApp\Plane.h(101,10): error C2535: 'System::String ^Plane::GetArrivalString(void)': member function already defined or declared
C:\AirportViacheslav\AirportWindowApp\AirportWindowApp\Plane.h(78,10): message : see declaration of 'Plane::GetArrivalString'
C:\AirportViacheslav\AirportWindowApp\AirportWindowApp\Plane.h(105,10): error C2535: 'System::String ^Plane::GetDepartureString(void)': member function already defined or declared
C:\AirportViacheslav\AirportWindowApp\AirportWindowApp\Plane.h(83,10): message : see declaration of 'Plane::GetDepartureString'
  Ticket.cpp
C:\AirportViacheslav\AirportWindowApp\AirportWindowApp\Plane.h(101,10): error C2535: 'System::String ^Plane::GetArrivalString(void)': member function already defined or declared
C:\AirportViacheslav\AirportWindowApp\AirportWindowApp\Plane.h(78,10): message : see declaration of 'Plane::GetArrivalString'
C:\AirportViacheslav\AirportWindowApp\AirportWindowApp\Plane.h(105,10): error C2535: 'System::String ^Plane::GetDepartureString(void)': member function already defined or declared
C:\AirportViacheslav\AirportWindowApp\AirportWindowApp\Plane.h(83,10): message : see declaration of 'Plane::GetDepartureString'
  Generating Code...
